<?xml version="1.0" encoding="UTF-8"?>
<!-- Generated by org.testng.reporters.JUnitReportReporter -->
<testsuite skipped="0" hostname="UTTKARSHs-Air" name="com_Spicejet_TestCases.TC001_FlightBooking" tests="1" failures="0" timestamp="2020-06-02T00:24:04 IST" time="56.209" errors="0">
  <testcase name="checkFunctionality" time="56.209" classname="com_Spicejet_TestCases.TC001_FlightBooking"/>
  <system-out/>
</testsuite> <!-- com_Spicejet_TestCases.TC001_FlightBooking -->
